Started by user [8mha:////4AWwtPXq4HtA44PKkhVfrhHS2U+gMZOwkTNNhkyLAXiRAAAAnB+LCAAAAAAAAP9b85aBtbiIQTGjNKU4P08vOT+vOD8nVc83PyU1x6OyILUoJzMv2y+/JJUBAhiZGBgqihhk0NSjKDWzXb3RdlLBUSYGJk8GtpzUvPSSDB8G5tKinBIGIZ+sxLJE/ZzEvHT94JKizLx0a6BxUmjGOUNodHsLgAzWEgYB/dLi1CL94tKsxLzixFxzcwCKLyyCxQAAAA==[0msujan
Running as SYSTEM
Building in workspace /var/lib/jenkins/workspace/c-project
The recommended git tool is: NONE
No credentials specified
 > git rev-parse --resolve-git-dir /var/lib/jenkins/workspace/c-project/.git # timeout=10
Fetching changes from the remote Git repository
 > git config remote.origin.url https://github.com/rachanasm989/c-project.git # timeout=10
Fetching upstream changes from https://github.com/rachanasm989/c-project.git
 > git --version # timeout=10
 > git --version # 'git version 2.39.3'
 > git fetch --tags --force --progress -- https://github.com/rachanasm989/c-project.git +refs/heads/*:refs/remotes/origin/* # timeout=10
 > git rev-parse refs/remotes/origin/main^{commit} # timeout=10
Checking out Revision e551c3a0c245812cffd61d4154cac345ceeda2e5 (refs/remotes/origin/main)
 > git config core.sparsecheckout # timeout=10
 > git checkout -f e551c3a0c245812cffd61d4154cac345ceeda2e5 # timeout=10
Commit message: "Create test6"
 > git rev-list --no-walk e551c3a0c245812cffd61d4154cac345ceeda2e5 # timeout=10
[c-project] $ mvn maven
[INFO] Scanning for projects...
[INFO] ------------------------------------------------------------------------
[INFO] BUILD FAILURE
[INFO] ------------------------------------------------------------------------
[INFO] Total time:  0.188 s
[INFO] Finished at: 2023-06-10T14:49:37Z
[INFO] ------------------------------------------------------------------------
[8mha:////4NbHiDQwIpwQldRg0tpPZKTSaqv5Euxz6HZ4CSBpGKPFAAAAYB+LCAAAAAAAAP9b85aBtbiIQSmjNKU4P0+vJLE4u1gvPjexLDVPzxdEuhYV5Rf55Zek1m9pfpLfVWLNxMBQUcQgBdWQnJ9XnJ+TqucMoUEKGSCAEaSwAABqVhoSYAAAAA==[0m[ERROR] The goal you specified requires a project to execute but there is no POM in this directory (/var/lib/jenkins/workspace/c-project). Please verify you invoked Maven from the correct directory. -> [Help 1]
[8mha:////4NbHiDQwIpwQldRg0tpPZKTSaqv5Euxz6HZ4CSBpGKPFAAAAYB+LCAAAAAAAAP9b85aBtbiIQSmjNKU4P0+vJLE4u1gvPjexLDVPzxdEuhYV5Rf55Zek1m9pfpLfVWLNxMBQUcQgBdWQnJ9XnJ+TqucMoUEKGSCAEaSwAABqVhoSYAAAAA==[0m[ERROR] 
[8mha:////4NbHiDQwIpwQldRg0tpPZKTSaqv5Euxz6HZ4CSBpGKPFAAAAYB+LCAAAAAAAAP9b85aBtbiIQSmjNKU4P0+vJLE4u1gvPjexLDVPzxdEuhYV5Rf55Zek1m9pfpLfVWLNxMBQUcQgBdWQnJ9XnJ+TqucMoUEKGSCAEaSwAABqVhoSYAAAAA==[0m[ERROR] To see the full stack trace of the errors, re-run Maven with the -e switch.
[8mha:////4NbHiDQwIpwQldRg0tpPZKTSaqv5Euxz6HZ4CSBpGKPFAAAAYB+LCAAAAAAAAP9b85aBtbiIQSmjNKU4P0+vJLE4u1gvPjexLDVPzxdEuhYV5Rf55Zek1m9pfpLfVWLNxMBQUcQgBdWQnJ9XnJ+TqucMoUEKGSCAEaSwAABqVhoSYAAAAA==[0m[ERROR] Re-run Maven using the -X switch to enable full debug logging.
[8mha:////4NbHiDQwIpwQldRg0tpPZKTSaqv5Euxz6HZ4CSBpGKPFAAAAYB+LCAAAAAAAAP9b85aBtbiIQSmjNKU4P0+vJLE4u1gvPjexLDVPzxdEuhYV5Rf55Zek1m9pfpLfVWLNxMBQUcQgBdWQnJ9XnJ+TqucMoUEKGSCAEaSwAABqVhoSYAAAAA==[0m[ERROR] 
[8mha:////4NbHiDQwIpwQldRg0tpPZKTSaqv5Euxz6HZ4CSBpGKPFAAAAYB+LCAAAAAAAAP9b85aBtbiIQSmjNKU4P0+vJLE4u1gvPjexLDVPzxdEuhYV5Rf55Zek1m9pfpLfVWLNxMBQUcQgBdWQnJ9XnJ+TqucMoUEKGSCAEaSwAABqVhoSYAAAAA==[0m[ERROR] For more information about the errors and possible solutions, please read the following articles:
[8mha:////4NbHiDQwIpwQldRg0tpPZKTSaqv5Euxz6HZ4CSBpGKPFAAAAYB+LCAAAAAAAAP9b85aBtbiIQSmjNKU4P0+vJLE4u1gvPjexLDVPzxdEuhYV5Rf55Zek1m9pfpLfVWLNxMBQUcQgBdWQnJ9XnJ+TqucMoUEKGSCAEaSwAABqVhoSYAAAAA==[0m[ERROR] [Help 1] http://cwiki.apache.org/confluence/display/MAVEN/MissingProjectException
Build step 'Invoke top-level Maven targets' marked build as failure
Finished: FAILURE
